<?xml version="1.0" encoding="UTF-8"?>
<!-- Generated by org.testng.reporters.JUnitXMLReporter -->
<testsuite hostname="DI-DENG" name="Default test" tests="5" failures="0" timestamp="31 Aug 2018 11:18:56 GMT" time="54.863" errors="0">
  <testcase name="BtnStay" time="8.074" classname="to8to_app.imgs.imgLibraies.TestClassAppNg"/>
  <testcase name="clickSetting" time="8.226" classname="to8to_app.imgs.imgLibraies.TestClassAppNg"/>
  <testcase name="indexBanner" time="0.001" classname="to8to_app.imgs.imgLibraies.TestClassAppNg"/>
  <testcase name="startggdate" time="4.195" classname="to8to_app.imgs.imgLibraies.TestClassAppNg"/>
  <testcase name="loginContact" time="21.603" classname="to8to_app.imgs.imgLibraies.TestClassAppNg"/>
</testsuite> <!-- Default test -->
