<?xml version="1.0" encoding="UTF-8"?>
<testng-results skipped="5" failed="0" total="5" passed="0">
  <reporter-output>
  </reporter-output>
  <suite name="Default suite" duration-ms="26058" started-at="2018-09-13T12:40:01Z" finished-at="2018-09-13T12:40:27Z">
    <groups>
    </groups>
    <test name="Default test" duration-ms="26058" started-at="2018-09-13T12:40:01Z" finished-at="2018-09-13T12:40:27Z">
      <class name="to8to_app.imgs.imgLibraies.TestClassAppNg">
        <test-method status="FAIL" signature="setUp()[pri:0, instance:to8to_app.imgs.imgLibraies.TestClassAppNg@7a5d012c]" name="setUp" is-config="true" duration-ms="0" started-at="2018-09-13T20:40:01Z" finished-at="2018-09-13T20:40:01Z">
          <exception class="org.openqa.selenium.WebDriverException">
            <message>
              <![CDATA[An unknown server-side error occurred while processing the command. Original error: Could not find a connected Android device. (WARNING: The server did not provide any stacktrace information)
Command duration or timeout: 25.45 seconds
Build info: version: '2.43.1', revision: '5163bceef1bc36d43f3dc0b83c88998168a363a0', time: '2014-09-10 09:43:55'
System info: host: 'DI-DENG', ip: '192.168.3.95', os.name: 'Windows 7', os.arch: 'amd64', os.version: '6.1', java.version: '1.8.0_91'
Driver info: io.appium.java_client.android.AndroidDriver]]>
            </message>
            <full-stacktrace>
              <![CDATA[org.openqa.selenium.WebDriverException: An unknown server-side error occurred while processing the command. Original error: Could not find a connected Android device. (WARNING: The server did not provide any stacktrace information)
Command duration or timeout: 25.45 seconds
Build info: version: '2.43.1', revision: '5163bceef1bc36d43f3dc0b83c88998168a363a0', time: '2014-09-10 09:43:55'
System info: host: 'DI-DENG', ip: '192.168.3.95', os.name: 'Windows 7', os.arch: 'amd64', os.version: '6.1', java.version: '1.8.0_91'
Driver info: io.appium.java_client.android.AndroidDriver
	at sun.reflect.NativeConstructorAccessorImpl.newInstance0(Native Method)
	at sun.reflect.NativeConstructorAccessorImpl.newInstance(NativeConstructorAccessorImpl.java:62)
	at sun.reflect.DelegatingConstructorAccessorImpl.newInstance(DelegatingConstructorAccessorImpl.java:45)
	at java.lang.reflect.Constructor.newInstance(Constructor.java:423)
	at org.openqa.selenium.remote.ErrorHandler.createThrowable(ErrorHandler.java:204)
	at org.openqa.selenium.remote.ErrorHandler.throwIfResponseFailed(ErrorHandler.java:156)
	at org.openqa.selenium.remote.RemoteWebDriver.execute(RemoteWebDriver.java:599)
	at io.appium.java_client.AppiumDriver.execute(AppiumDriver.java:180)
	at org.openqa.selenium.remote.RemoteWebDriver.startSession(RemoteWebDriver.java:240)
	at org.openqa.selenium.remote.RemoteWebDriver.<init>(RemoteWebDriver.java:126)
	at org.openqa.selenium.remote.RemoteWebDriver.<init>(RemoteWebDriver.java:153)
	at io.appium.java_client.AppiumDriver.<init>(AppiumDriver.java:109)
	at io.appium.java_client.android.AndroidDriver.<init>(AndroidDriver.java:39)
	at to8to_app.imgs.imgLibraies.TestClassAppNg.setUp(TestClassAppNg.java:54)
	at sun.reflect.NativeMethodAccessorImpl.invoke0(Native Method)
	at sun.reflect.NativeMethodAccessorImpl.invoke(NativeMethodAccessorImpl.java:62)
	at sun.reflect.DelegatingMethodAccessorImpl.invoke(DelegatingMethodAccessorImpl.java:43)
	at java.lang.reflect.Method.invoke(Method.java:498)
	at org.testng.internal.MethodInvocationHelper.invokeMethod(MethodInvocationHelper.java:84)
	at org.testng.internal.Invoker.invokeConfigurationMethod(Invoker.java:564)
	at org.testng.internal.Invoker.invokeConfigurations(Invoker.java:213)
	at org.testng.internal.Invoker.invokeConfigurations(Invoker.java:138)
	at org.testng.TestRunner.beforeRun(TestRunner.java:641)
	at org.testng.TestRunner.run(TestRunner.java:609)
	at org.testng.SuiteRunner.runTest(SuiteRunner.java:335)
	at org.testng.SuiteRunner.runSequentially(SuiteRunner.java:330)
	at org.testng.SuiteRunner.privateRun(SuiteRunner.java:291)
	at org.testng.SuiteRunner.run(SuiteRunner.java:240)
	at org.testng.SuiteRunnerWorker.runSuite(SuiteRunnerWorker.java:52)
	at org.testng.SuiteRunnerWorker.run(SuiteRunnerWorker.java:86)
	at org.testng.TestNG.runSuitesSequentially(TestNG.java:1224)
	at org.testng.TestNG.runSuitesLocally(TestNG.java:1149)
	at org.testng.TestNG.run(TestNG.java:1057)
	at org.testng.remote.RemoteTestNG.run(RemoteTestNG.java:111)
	at org.testng.remote.RemoteTestNG.initAndRun(RemoteTestNG.java:204)
	at org.testng.remote.RemoteTestNG.main(RemoteTestNG.java:175)
]]>
            </full-stacktrace>
          </exception> <!-- org.openqa.selenium.WebDriverException -->
          <reporter-output>
          </reporter-output>
        </test-method> <!-- setUp -->
        <test-method status="SKIP" signature="BtnStay()[pri:0, instance:to8to_app.imgs.imgLibraies.TestClassAppNg@7a5d012c]" name="BtnStay" duration-ms="1" started-at="2018-09-13T20:40:27Z" finished-at="2018-09-13T20:40:27Z">
          <reporter-output>
          </reporter-output>
        </test-method> <!-- BtnStay -->
        <test-method status="SKIP" signature="clickSetting()[pri:0, instance:to8to_app.imgs.imgLibraies.TestClassAppNg@7a5d012c]" name="clickSetting" duration-ms="1" started-at="2018-09-13T20:40:27Z" finished-at="2018-09-13T20:40:27Z">
          <reporter-output>
          </reporter-output>
        </test-method> <!-- clickSetting -->
        <test-method status="SKIP" signature="indexBanner()[pri:0, instance:to8to_app.imgs.imgLibraies.TestClassAppNg@7a5d012c]" name="indexBanner" duration-ms="0" started-at="2018-09-13T20:40:27Z" depends-on-methods="to8to_app.imgs.imgLibraies.TestClassAppNg.clickSetting" finished-at="2018-09-13T20:40:27Z">
          <reporter-output>
          </reporter-output>
        </test-method> <!-- indexBanner -->
        <test-method status="SKIP" signature="startggdate()[pri:0, instance:to8to_app.imgs.imgLibraies.TestClassAppNg@7a5d012c]" name="startggdate" duration-ms="0" started-at="2018-09-13T20:40:27Z" depends-on-methods="to8to_app.imgs.imgLibraies.TestClassAppNg.BtnStay" finished-at="2018-09-13T20:40:27Z">
          <reporter-output>
          </reporter-output>
        </test-method> <!-- startggdate -->
        <test-method status="SKIP" signature="loginContact()[pri:0, instance:to8to_app.imgs.imgLibraies.TestClassAppNg@7a5d012c]" name="loginContact" duration-ms="0" started-at="2018-09-13T20:40:27Z" depends-on-methods="to8to_app.imgs.imgLibraies.TestClassAppNg.startggdate" finished-at="2018-09-13T20:40:27Z">
          <reporter-output>
          </reporter-output>
        </test-method> <!-- loginContact -->
        <test-method status="SKIP" signature="tearDown()[pri:0, instance:to8to_app.imgs.imgLibraies.TestClassAppNg@7a5d012c]" name="tearDown" is-config="true" duration-ms="0" started-at="2018-09-13T20:40:27Z" finished-at="2018-09-13T20:40:27Z">
          <reporter-output>
          </reporter-output>
        </test-method> <!-- tearDown -->
      </class> <!-- to8to_app.imgs.imgLibraies.TestClassAppNg -->
    </test> <!-- Default test -->
  </suite> <!-- Default suite -->
</testng-results>
